<?xml version="1.0" encoding="UTF-8" ?>
<testsuite tests="1" failures="0" name="HelloTest" time="0.004" errors="0" skipped="0">
  <properties>
    <property name="idea.version" value="2022.2.3"/>
    <property name="java.runtime.name" value="Java(TM) SE Runtime Environment"/>
    <property name="sun.boot.library.path" value="D:\software\IDE\Java\java\jdk8\jdk\jre\bin"/>
    <property name="java.vm.version" value="25.351-b10"/>
    <property name="java.vm.vendor" value="Oracle Corporation"/>
    <property name="maven.multiModuleProjectDirectory" value="C:\Users\xiwen\Desktop\sgg\sggcode\3.ssm\code\ssm\day01_maven02"/>
    <property name="java.vendor.url" value="http://java.oracle.com/"/>
    <property name="path.separator" value=";"/>
    <property name="guice.disable.misplaced.annotation.check" value="true"/>
    <property name="java.vm.name" value="Java HotSpot(TM) 64-Bit Server VM"/>
    <property name="file.encoding.pkg" value="sun.io"/>
    <property name="user.script" value=""/>
    <property name="user.country" value="CN"/>
    <property name="sun.java.launcher" value="SUN_STANDARD"/>
    <property name="sun.os.patch.level" value=""/>
    <property name="java.vm.specification.name" value="Java Virtual Machine Specification"/>
    <property name="user.dir" value="C:\Users\xiwen\Desktop\sgg\sggcode\3.ssm\code\ssm\day01_maven02"/>
    <property name="java.runtime.version" value="1.8.0_351-b10"/>
    <property name="java.awt.graphicsenv" value="sun.awt.Win32GraphicsEnvironment"/>
    <property name="java.endorsed.dirs" value="D:\software\IDE\Java\java\jdk8\jdk\jre\lib\endorsed"/>
    <property name="os.arch" value="amd64"/>
    <property name="java.io.tmpdir" value="C:\Users\xiwen\AppData\Local\Temp\"/>
    <property name="line.separator" value="
"/>
    <property name="java.vm.specification.vendor" value="Oracle Corporation"/>
    <property name="user.variant" value=""/>
    <property name="os.name" value="Windows 11"/>
    <property name="maven.ext.class.path" value="D:\software\IDE\jetbrains\IDEA2022.2.3\plugins\maven\lib\maven-event-listener.jar"/>
    <property name="classworlds.conf" value="D:\software\IDE\jetbrains\IDEA2022.2.3\plugins\maven\lib\maven3\bin\m2.conf"/>
    <property name="sun.jnu.encoding" value="GBK"/>
    <property name="java.library.path" value="D:\software\IDE\Java\java\jdk8\jdk\bin;C:\Windows\Sun\Java\bin;C:\Windows\system32;C:\Windows;C:\Program Files (x86)\Common Files\Oracle\Java\javapath;D:\software\IDE\Java\java\jdk8\jdk\jre\bin;D:\software\IDE\Java\java\jdk8\jdk\bin;D:\software\IDE\VMware\install\bin\;D:\software\IDE\python\install\Scripts\;D:\software\IDE\python\install\;C:\Windows\system32;C:\Windows;C:\Windows\System32\Wbem;C:\Windows\System32\WindowsPowerShell\v1.0\;C:\Windows\System32\OpenSSH\;C:\Program Files (x86)\NVIDIA Corporation\PhysX\Common;C:\Program Files\NVIDIA Corporation\NVIDIA NvDLISR;D:\software\IDE\Git\install\cmd;D:\software\IDE\Java\maven\apache-maven-3.6.3\bin;c:\Program Files (x86)\Microsoft SQL Server\100\Tools\Binn\;c:\Program Files\Microsoft SQL Server\100\Tools\Binn\;c:\Program Files\Microsoft SQL Server\100\DTS\Binn\;D:\software\IDE\Java\scala\install\bin;D:\software\IDE\databases\Mysql\mysql8.0.26\install\bin;D:\software\IDE\Java\hadoop\hadoop-3.1.3\bin;D:\software\IDE\Java\hadoop\hadoop-3.1.3\sbin;D:\software\IDE\Java\hadoop\hadoop-3.1.3\lib;C:\Program Files\dotnet\;D:\software\IDE\nodejs\install\;C:\Users\xiwen\AppData\Local\Microsoft\WindowsApps;D:\software\OtherTools\BandiZIP\;D:\software\IDE\VisualStudioCode\install\Microsoft VS Code\bin;C:\Users\xiwen\AppData\Local\JetBrains\Toolbox\scripts;D:\software\IDE\heroku\bin;D:\software\IDE\jetbrains\IntelliJ IDEA 2022.2.3\bin;;D:\software\IDE\jetbrains\web\WebStorm 2022.1\bin;;C:\Users\xiwen\AppData\Roaming\npm;."/>
    <property name="maven.conf" value="D:\software\IDE\jetbrains\IDEA2022.2.3\plugins\maven\lib\maven3/conf"/>
    <property name="java.specification.name" value="Java Platform API Specification"/>
    <property name="java.class.version" value="52.0"/>
    <property name="sun.management.compiler" value="HotSpot 64-Bit Tiered Compilers"/>
    <property name="os.version" value="10.0"/>
    <property name="user.home" value="C:\Users\xiwen"/>
    <property name="user.timezone" value="Asia/Shanghai"/>
    <property name="java.awt.printerjob" value="sun.awt.windows.WPrinterJob"/>
    <property name="java.specification.version" value="1.8"/>
    <property name="file.encoding" value="UTF-8"/>
    <property name="user.name" value="希文"/>
    <property name="java.class.path" value="D:\software\IDE\jetbrains\IDEA2022.2.3\plugins\maven\lib\maven3\boot\plexus-classworlds-2.6.0.jar;D:\software\IDE\jetbrains\IDEA2022.2.3\plugins\maven\lib\maven3\boot\plexus-classworlds.license;D:\software\IDE\jetbrains\IDEA2022.2.3\lib\idea_rt.jar"/>
    <property name="java.vm.specification.version" value="1.8"/>
    <property name="sun.arch.data.model" value="64"/>
    <property name="java.home" value="D:\software\IDE\Java\java\jdk8\jdk\jre"/>
    <property name="sun.java.command" value="org.codehaus.classworlds.Launcher -Didea.version=2022.2.3 test"/>
    <property name="java.specification.vendor" value="Oracle Corporation"/>
    <property name="user.language" value="zh"/>
    <property name="awt.toolkit" value="sun.awt.windows.WToolkit"/>
    <property name="java.vm.info" value="mixed mode"/>
    <property name="java.version" value="1.8.0_351"/>
    <property name="java.ext.dirs" value="D:\software\IDE\Java\java\jdk8\jdk\jre\lib\ext;C:\Windows\Sun\Java\lib\ext"/>
    <property name="sun.boot.class.path" value="D:\software\IDE\Java\java\jdk8\jdk\jre\lib\resources.jar;D:\software\IDE\Java\java\jdk8\jdk\jre\lib\rt.jar;D:\software\IDE\Java\java\jdk8\jdk\jre\lib\jsse.jar;D:\software\IDE\Java\java\jdk8\jdk\jre\lib\jce.jar;D:\software\IDE\Java\java\jdk8\jdk\jre\lib\charsets.jar;D:\software\IDE\Java\java\jdk8\jdk\jre\lib\jfr.jar;D:\software\IDE\Java\java\jdk8\jdk\jre\classes"/>
    <property name="java.vendor" value="Oracle Corporation"/>
    <property name="java.specification.maintenance.version" value="4"/>
    <property name="maven.home" value="D:\software\IDE\jetbrains\IDEA2022.2.3\plugins\maven\lib\maven3"/>
    <property name="file.separator" value="\"/>
    <property name="java.vendor.url.bug" value="http://bugreport.sun.com/bugreport/"/>
    <property name="sun.cpu.endian" value="little"/>
    <property name="sun.io.unicode.encoding" value="UnicodeLittle"/>
    <property name="sun.desktop" value="windows"/>
    <property name="sun.cpu.isalist" value="amd64"/>
  </properties>
  <testcase classname="HelloTest" name="test1" time="0.004"/>
</testsuite>